#
# There is insufficient memory for the Java Runtime Environment to continue.
# Native memory allocation (malloc) failed to allocate 1048576 bytes for AllocateHeap
# Possible reasons:
#   The system is out of physical RAM or swap space
#   The process is running with CompressedOops enabled, and the Java Heap may be blocking the growth of the native heap
# Possible solutions:
#   Reduce memory load on the system
#   Increase physical memory or swap space
#   Check if swap backing store is full
#   Decrease Java heap size (-Xmx/-Xms)
#   Decrease number of Java threads
#   Decrease Java thread stack sizes (-Xss)
#   Set larger code cache with -XX:ReservedCodeCacheSize=
#   JVM is running with Zero Based Compressed Oops mode in which the Java heap is
#     placed in the first 32GB address space. The Java Heap base address is the
#     maximum limit for the native heap growth. Please use -XX:HeapBaseMinAddress
#     to set the Java Heap base and to place the Java Heap above 32GB virtual address.
# This output file may be truncated or incomplete.
#
#  Out of Memory Error (memory/allocation.inline.hpp:61), pid=16724, tid=0x0000000000002674
#
# JRE version:  (8.0_251-b08) (build )
# Java VM: Java HotSpot(TM) 64-Bit Server VM (25.251-b08 mixed mode windows-amd64 compressed oops)
# Failed to write core dump. Minidumps are not enabled by default on client versions of Windows
#

---------------  T H R E A D  ---------------

Current thread (0x0000000003499000):  JavaThread "Unknown thread" [_thread_in_vm, id=9844, stack(0x00000000032d0000,0x00000000033d0000)]

Stack: [0x00000000032d0000,0x00000000033d0000]
[error occurred during error reporting (printing stack bounds), id 0xc0000005]

Native frames: (J=compiled Java code, j=interpreted, Vv=VM code, C=native code)


---------------  P R O C E S S  ---------------

Java Threads: ( => current thread )

Other Threads:

=>0x0000000003499000 (exited) JavaThread "Unknown thread" [_thread_in_vm, id=9844, stack(0x00000000032d0000,0x00000000033d0000)]

VM state:not at safepoint (normal execution)

VM Mutex/Monitor currently owned by a thread: None

heap address: 0x00000006c2200000, size: 4062 MB, Compressed Oops mode: Zero based, Oop shift amount: 3
Narrow klass base: 0x0000000000000000, Narrow klass shift: 3
Compressed class space size: 1073741824 Address: 0x00000007c0000000

Heap:
 PSYoungGen      total 75776K, used 1300K [0x000000076b600000, 0x0000000770a80000, 0x00000007c0000000)
  eden space 65024K, 2% used [0x000000076b600000,0x000000076b7451f8,0x000000076f580000)
  from space 10752K, 0% used [0x0000000770000000,0x0000000770000000,0x0000000770a80000)
  to   space 10752K, 0% used [0x000000076f580000,0x000000076f580000,0x0000000770000000)
 ParOldGen       total 173568K, used 0K [0x00000006c2200000, 0x00000006ccb80000, 0x000000076b600000)
  object space 173568K, 0% used [0x00000006c2200000,0x00000006c2200000,0x00000006ccb80000)
 Metaspace       used 787K, capacity 4480K, committed 4480K, reserved 1056768K
  class space    used 76K, capacity 384K, committed 384K, reserved 1048576K

Card table byte_map: [0x0000000012a50000,0x0000000013240000] byte_map_base: 0x000000000f43f000

Marking Bits: (ParMarkBitMap*) 0x0000000070ffaf90
 Begin Bits: [0x0000000013f90000, 0x0000000017f08000)
 End Bits:   [0x0000000017f08000, 0x000000001be80000)

Polling page: 0x0000000001120000

CodeCache: size=245760Kb used=328Kb max_used=328Kb free=245431Kb
 bounds [0x0000000003690000, 0x0000000003900000, 0x0000000012690000]
 total_blobs=58 nmethods=0 adapters=38
 compilation: enabled

Compilation events (0 events):
No events

GC Heap History (0 events):
No events

Deoptimization events (0 events):
No events

Classes redefined (0 events):
No events

Internal exceptions (0 events):
No events

Events (10 events):
Event: 0.020 loading class java/lang/Short
Event: 0.020 loading class java/lang/Short done
Event: 0.020 loading class java/lang/Integer
Event: 0.020 loading class java/lang/Integer done
Event: 0.020 loading class java/lang/Long
Event: 0.021 loading class java/lang/Long done
Event: 0.021 loading class java/lang/NullPointerException
Event: 0.021 loading class java/lang/NullPointerException done
Event: 0.021 loading class java/lang/ArithmeticException
Event: 0.021 loading class java/lang/ArithmeticException done


Dynamic libraries:
0x00007ff7448e0000 - 0x00007ff744917000 	C:\Program Files\Java\jdk1.8.0_251\bin\java.exe
0x00007ffe09b60000 - 0x00007ffe09d50000 	C:\Windows\SYSTEM32\ntdll.dll
0x00007ffe07c10000 - 0x00007ffe07cc2000 	C:\Windows\System32\KERNEL32.DLL
0x00007ffe06af0000 - 0x00007ffe06d95000 	C:\Windows\System32\KERNELBASE.dll
0x00007ffe09a70000 - 0x00007ffe09b13000 	C:\Windows\System32\ADVAPI32.dll
0x00007ffe07da0000 - 0x00007ffe07e3e000 	C:\Windows\System32\msvcrt.dll
0x00007ffe083e0000 - 0x00007ffe08477000 	C:\Windows\System32\sechost.dll
0x00007ffe082c0000 - 0x00007ffe083e0000 	C:\Windows\System32\RPCRT4.dll
0x00007ffe07f20000 - 0x00007ffe080b5000 	C:\Windows\System32\USER32.dll
0x00007ffe07520000 - 0x00007ffe07541000 	C:\Windows\System32\win32u.dll
0x00007ffe080e0000 - 0x00007ffe08106000 	C:\Windows\System32\GDI32.dll
0x00007ffe07920000 - 0x00007ffe07ab6000 	C:\Windows\System32\gdi32full.dll
0x00007ffe07880000 - 0x00007ffe0791e000 	C:\Windows\System32\msvcp_win.dll
0x00007ffe07780000 - 0x00007ffe0787a000 	C:\Windows\System32\ucrtbase.dll
0x00007ffdfa960000 - 0x00007ffdfabe4000 	C:\Windows\WinSxS\amd64_microsoft.windows.common-controls_6595b64144ccf1df_6.0.18362.1082_none_9e8193e1e45b25c1\COMCTL32.dll
0x00007ffe08e00000 - 0x00007ffe09135000 	C:\Windows\System32\combase.dll
0x00007ffe076a0000 - 0x00007ffe07720000 	C:\Windows\System32\bcryptPrimitives.dll
0x00007ffe07ce0000 - 0x00007ffe07d0e000 	C:\Windows\System32\IMM32.DLL
0x0000000071080000 - 0x0000000071152000 	C:\Program Files\Java\jdk1.8.0_251\jre\bin\msvcr100.dll
0x00000000707d0000 - 0x000000007107b000 	C:\Program Files\Java\jdk1.8.0_251\jre\bin\server\jvm.dll
0x00007ffe07d10000 - 0x00007ffe07d18000 	C:\Windows\System32\PSAPI.DLL
0x00007ffe00470000 - 0x00007ffe00479000 	C:\Windows\SYSTEM32\WSOCK32.dll
0x00007ffe04770000 - 0x00007ffe04794000 	C:\Windows\SYSTEM32\WINMM.dll
0x00007ffe02bc0000 - 0x00007ffe02bca000 	C:\Windows\SYSTEM32\VERSION.dll
0x00007ffe08ce0000 - 0x00007ffe08d4f000 	C:\Windows\System32\WS2_32.dll
0x00007ffe046a0000 - 0x00007ffe046cd000 	C:\Windows\SYSTEM32\WINMMBASE.dll
0x00007ffe075a0000 - 0x00007ffe075ea000 	C:\Windows\System32\cfgmgr32.dll
0x00007ffdee9b0000 - 0x00007ffdee9bf000 	C:\Program Files\Java\jdk1.8.0_251\jre\bin\verify.dll
0x00007ffdcafe0000 - 0x00007ffdcb009000 	C:\Program Files\Java\jdk1.8.0_251\jre\bin\java.dll
0x00007ffddef20000 - 0x00007ffddef55000 	C:\Program Files\Java\jdk1.8.0_251\jre\bin\jdwp.dll
0x00007ffe02830000 - 0x00007ffe02838000 	C:\Program Files\Java\jdk1.8.0_251\jre\bin\npt.dll
0x00007ffddeea0000 - 0x00007ffddeec3000 	C:\Program Files\Java\jdk1.8.0_251\jre\bin\instrument.dll
0x00007ffddf200000 - 0x00007ffddf216000 	C:\Program Files\Java\jdk1.8.0_251\jre\bin\zip.dll

VM Arguments:
jvm_args: -agentlib:jdwp=transport=dt_socket,address=127.0.0.1:9048,suspend=y,server=n -XX:TieredStopAtLevel=1 -Xverify:none -Dspring.output.ansi.enabled=always -Dcom.sun.management.jmxremote -Dspring.jmx.enabled=true -Dspring.liveBeansView.mbeanDomain -Dspring.application.admin.enabled=true -javaagent:C:\Users\NINGME~1\AppData\Local\Temp\captureAgent8jars\debugger-agent.jar -Dfile.encoding=UTF-8 
java_command: com.libaoguang.cn.principlepro.PrincipleProApplication
java_class_path (initial): C:\Program Files\Java\jdk1.8.0_251\jre\lib\charsets.jar;C:\Program Files\Java\jdk1.8.0_251\jre\lib\deploy.jar;C:\Program Files\Java\jdk1.8.0_251\jre\lib\ext\access-bridge-64.jar;C:\Program Files\Java\jdk1.8.0_251\jre\lib\ext\cldrdata.jar;C:\Program Files\Java\jdk1.8.0_251\jre\lib\ext\dnsns.jar;C:\Program Files\Java\jdk1.8.0_251\jre\lib\ext\jaccess.jar;C:\Program Files\Java\jdk1.8.0_251\jre\lib\ext\jfxrt.jar;C:\Program Files\Java\jdk1.8.0_251\jre\lib\ext\localedata.jar;C:\Program Files\Java\jdk1.8.0_251\jre\lib\ext\nashorn.jar;C:\Program Files\Java\jdk1.8.0_251\jre\lib\ext\sunec.jar;C:\Program Files\Java\jdk1.8.0_251\jre\lib\ext\sunjce_provider.jar;C:\Program Files\Java\jdk1.8.0_251\jre\lib\ext\sunmscapi.jar;C:\Program Files\Java\jdk1.8.0_251\jre\lib\ext\sunpkcs11.jar;C:\Program Files\Java\jdk1.8.0_251\jre\lib\ext\zipfs.jar;C:\Program Files\Java\jdk1.8.0_251\jre\lib\javaws.jar;C:\Program Files\Java\jdk1.8.0_251\jre\lib\jce.jar;C:\Program Files\Java\jdk1.8.0_251\jre\lib\jfr.jar;C:\Program Files\Java\jdk1.8.0_251\jre\lib\jfxswt.jar;C:\Program Files\Java\jdk1.8.0_251\jre\lib\jsse.jar;C:\Program Files\Java\jdk1.8.0_251\jre\lib\management-agent.jar;C:\Program Files\Java\jdk1.8.0_251\jre\lib\plugin.jar;C:\Program Files\Java\jdk1.8.0_251\jre\lib\resources.jar;C:\Program Files\Java\jdk1.8.0_251\jre\lib\rt.jar;D:\mycode\wisdom-platform\principle-pro\target\classes;D:\app\maven\localRepository\org\springframework\boot\spring-boot-starter-web\2.3.1.RELEASE\spring-boot-starter-web-2.3.1.RELEASE.jar;D:\app\maven\localRepository\org\springframework\boot\spring-boot-starter\2.3.1.RELEASE\spring-boot-starter-2.3.1.RELEASE.jar;D:\app\maven\localRepository\org\springframework\boot\spring-boot\2.3.1.RELEASE\spring-boot-2.3.1.RELEASE.jar;D:\app\maven\localRepository\org\springframework\boot\spring-boot-autoconfigure\2.3.1.RELEASE\spring-boot-autoconfigure-2.3.1.RELEASE.jar;D:\app\maven\localRepository\org\springframework\boot\spring-boot-starter-logging\2.3.
Launcher Type: SUN_STANDARD

Environment Variables:
JAVA_HOME=C:\Program Files\Java\jdk1.8.0_251
PATH=C:\Program Files (x86)\Common Files\Oracle\Java\javapath;C:\Windows\system32;C:\Windows;C:\Windows\System32\Wbem;C:\Windows\System32\WindowsPowerShell\v1.0\;C:\Windows\System32\OpenSSH\;C:\Program Files (x86)\Common Files\microsoft shared\TigerKin;C:\Program Files\Java\jdk1.8.0_251\bin;C:\Program Files\Java\jdk1.8.0_251\jre\bin;C:\Program Files\MySQL\MySQL Server 5.6\bin;D:\app\maven\apache-maven-3.6.3\bin;C:\Program Files\Microsoft SQL Server\Client SDK\ODBC\130\Tools\Binn\;C:\Program Files (x86)\Microsoft SQL Server\130\Tools\Binn\;C:\Program Files\Microsoft SQL Server\130\Tools\Binn\;C:\Program Files\Microsoft SQL Server\130\DTS\Binn\;D:\develop\git\Git\cmd;D:\develop\node\;D:\develop\svn\bin;D:\devtools\erl-23.0\bin;C:\Users\NING MEI\AppData\Local\Microsoft\WindowsApps;C:\Users\NING MEI\AppData\Roaming\npm
USERNAME=NING MEI
OS=Windows_NT
PROCESSOR_IDENTIFIER=Intel64 Family 6 Model 158 Stepping 13, GenuineIntel



---------------  S Y S T E M  ---------------

OS: Windows 10.0 , 64 bit Build 18362 (10.0.18362.1082)

CPU:total 8 (initial active 8) (8 cores per cpu, 1 threads per core) family 6 model 158 stepping 13, cmov, cx8, fxsr, mmx, sse, sse2, sse3, ssse3, sse4.1, sse4.2, popcnt, avx, avx2, aes, clmul, erms, rtm, 3dnowpref, lzcnt, tsc, tscinvbit, bmi1, bmi2, adx

Memory: 4k page, physical 16637044k(2107128k free), swap 29744240k(4104k free)

vm_info: Java HotSpot(TM) 64-Bit Server VM (25.251-b08) for windows-amd64 JRE (1.8.0_251-b08), built on Mar 12 2020 06:31:49 by "" with MS VC++ 10.0 (VS2010)

time: Tue Sep 15 17:03:48 2020
timezone: 中国标准时间
elapsed time: 0 seconds (0d 0h 0m 0s)

